<?xml version="1.0" encoding="UTF-8"?>
<robot generator="Robot 3.2.2 (Python 3.9.5 on win32)" generated="20210720 11:33:35.918" rpa="false">
<suite id="s1" name="TestRobot" source="C:\Users\Amila\eclipse-workspace\TestRobot">
<suite id="s1-s1" name="Test" source="C:\Users\Amila\eclipse-workspace\TestRobot\Test">
<suite id="s1-s1-s1" name="TA1" source="C:\Users\Amila\eclipse-workspace\TestRobot\Test\TA1.robot">
<test id="s1-s1-s1-t1" name="MyFirstTest">
<kw name="Log" library="BuiltIn">
<doc>Logs the given message with the given level.</doc>
<arguments>
<arg>AmilaTest</arg>
</arguments>
<msg timestamp="20210720 11:33:36.207" level="INFO">AmilaTest</msg>
<status status="PASS" starttime="20210720 11:33:36.206" endtime="20210720 11:33:36.207"></status>
</kw>
<status status="PASS" starttime="20210720 11:33:36.206" endtime="20210720 11:33:36.207" critical="yes"></status>
</test>
<test id="s1-s1-s1-t2" name="FirstSeleniumT">
<kw name="Open Browser" library="SeleniumLibrary">
<doc>Opens a new browser instance to the optional ``url``.</doc>
<arguments>
<arg>${URL}</arg>
<arg>chrome</arg>
</arguments>
<msg timestamp="20210720 11:33:36.210" level="INFO">Opening browser 'chrome' to base url 'https://qa.bi-octopus.com/login'.</msg>
<status status="PASS" starttime="20210720 11:33:36.208" endtime="20210720 11:33:45.399"></status>
</kw>
<kw name="Maximize Browser Window" library="SeleniumLibrary">
<doc>Maximizes current browser window.</doc>
<status status="PASS" starttime="20210720 11:33:45.399" endtime="20210720 11:33:45.534"></status>
</kw>
<kw name="LoginKw1">
<kw name="Input Text" library="SeleniumLibrary">
<doc>Types the given ``text`` into the text field identified by ``locator``.</doc>
<arguments>
<arg>id=login_email</arg>
<arg>@{CREDENTIALS}[0]</arg>
</arguments>
<msg timestamp="20210720 11:33:45.536" level="WARN">Accessing variable items using '@{CREDENTIALS}[0]' syntax is deprecated. Use '${CREDENTIALS}[0]' instead.</msg>
<msg timestamp="20210720 11:33:45.536" level="INFO">Typing text 'amila.rangana@ayra.com.au' into text field 'id=login_email'.</msg>
<status status="PASS" starttime="20210720 11:33:45.535" endtime="20210720 11:33:45.701"></status>
</kw>
<kw name="Sleep" library="BuiltIn">
<doc>Pauses the test executed for the given time.</doc>
<arguments>
<arg>5</arg>
</arguments>
<msg timestamp="20210720 11:33:50.713" level="INFO">Slept 5 seconds</msg>
<status status="PASS" starttime="20210720 11:33:45.702" endtime="20210720 11:33:50.713"></status>
</kw>
<kw name="Click Button" library="SeleniumLibrary">
<doc>Clicks the button identified by ``locator``.</doc>
<arguments>
<arg>xpath=//button[@type='submit']</arg>
</arguments>
<msg timestamp="20210720 11:33:50.715" level="INFO">Clicking button 'xpath=//button[@type='submit']'.</msg>
<status status="PASS" starttime="20210720 11:33:50.714" endtime="20210720 11:33:50.794"></status>
</kw>
<kw name="Input Password" library="SeleniumLibrary">
<doc>Types the given password into the text field identified by ``locator``.</doc>
<arguments>
<arg>id=addPassword_password</arg>
<arg>@{CREDENTIALS}[1]</arg>
</arguments>
<msg timestamp="20210720 11:33:50.795" level="WARN">Accessing variable items using '@{CREDENTIALS}[1]' syntax is deprecated. Use '${CREDENTIALS}[1]' instead.</msg>
<msg timestamp="20210720 11:33:50.796" level="INFO">Typing password into text field 'id=addPassword_password'.</msg>
<msg timestamp="20210720 11:33:50.832" level="INFO">Temporally setting log level to: NONE</msg>
<msg timestamp="20210720 11:33:50.885" level="INFO">Log level changed from NONE to INFO.</msg>
<status status="PASS" starttime="20210720 11:33:50.794" endtime="20210720 11:33:50.886"></status>
</kw>
<kw name="Click Button" library="SeleniumLibrary">
<doc>Clicks the button identified by ``locator``.</doc>
<arguments>
<arg>xpath=//button[@type='submit']</arg>
</arguments>
<msg timestamp="20210720 11:33:50.886" level="INFO">Clicking button 'xpath=//button[@type='submit']'.</msg>
<status status="PASS" starttime="20210720 11:33:50.886" endtime="20210720 11:33:50.950"></status>
</kw>
<kw name="Sleep" library="BuiltIn">
<doc>Pauses the test executed for the given time.</doc>
<arguments>
<arg>5</arg>
</arguments>
<msg timestamp="20210720 11:33:55.955" level="INFO">Slept 5 seconds</msg>
<status status="PASS" starttime="20210720 11:33:50.950" endtime="20210720 11:33:55.956"></status>
</kw>
<status status="PASS" starttime="20210720 11:33:45.535" endtime="20210720 11:33:55.957"></status>
</kw>
<kw name="Log" library="BuiltIn">
<doc>Logs the given message with the given level.</doc>
<arguments>
<arg>Test Completed</arg>
</arguments>
<msg timestamp="20210720 11:33:55.961" level="INFO">Test Completed</msg>
<status status="PASS" starttime="20210720 11:33:55.959" endtime="20210720 11:33:55.961"></status>
</kw>
<kw name="Log" library="BuiltIn">
<doc>Logs the given message with the given level.</doc>
<arguments>
<arg>This was tested by %{username} on %{os}</arg>
</arguments>
<msg timestamp="20210720 11:33:55.963" level="INFO">This was tested by Amila on Windows_NT</msg>
<status status="PASS" starttime="20210720 11:33:55.962" endtime="20210720 11:33:55.964"></status>
</kw>
<status status="PASS" starttime="20210720 11:33:36.208" endtime="20210720 11:33:55.965" critical="yes"></status>
</test>
<status status="PASS" starttime="20210720 11:33:36.017" endtime="20210720 11:33:55.967"></status>
</suite>
<status status="PASS" starttime="20210720 11:33:36.014" endtime="20210720 11:33:55.973"></status>
</suite>
<status status="PASS" starttime="20210720 11:33:35.984" endtime="20210720 11:33:55.977"></status>
</suite>
<statistics>
<total>
<stat pass="2" fail="0">Critical Tests</stat>
<stat pass="2" fail="0">All Tests</stat>
</total>
<tag>
</tag>
<suite>
<stat pass="2" fail="0" id="s1" name="TestRobot">TestRobot</stat>
<stat pass="2" fail="0" id="s1-s1" name="Test">TestRobot.Test</stat>
<stat pass="2" fail="0" id="s1-s1-s1" name="TA1">TestRobot.Test.TA1</stat>
</suite>
</statistics>
<errors>
<msg timestamp="20210720 11:33:45.536" level="WARN">Accessing variable items using '@{CREDENTIALS}[0]' syntax is deprecated. Use '${CREDENTIALS}[0]' instead.</msg>
<msg timestamp="20210720 11:33:50.795" level="WARN">Accessing variable items using '@{CREDENTIALS}[1]' syntax is deprecated. Use '${CREDENTIALS}[1]' instead.</msg>
</errors>
</robot>
