<?xml version="1.0" encoding="UTF-8"?>
<robot generator="Robot 3.2.2 (Python 3.9.5 on win32)" generated="20210720 15:37:17.271" rpa="false">
<suite id="s1" name="TestRobot" source="C:\Users\Amila\git\NewRobot\TestRobot">
<suite id="s1-s1" name="Test" source="C:\Users\Amila\git\NewRobot\TestRobot\Test">
<suite id="s1-s1-s1" name="TA1" source="C:\Users\Amila\git\NewRobot\TestRobot\Test\TA1.robot">
<test id="s1-s1-s1-t1" name="MyFirstTest">
<kw name="Log" library="BuiltIn">
<doc>Logs the given message with the given level.</doc>
<arguments>
<arg>AmilaTest</arg>
</arguments>
<msg timestamp="20210720 15:37:17.519" level="INFO">AmilaTest</msg>
<status status="PASS" starttime="20210720 15:37:17.519" endtime="20210720 15:37:17.519"></status>
</kw>
<status status="PASS" starttime="20210720 15:37:17.518" endtime="20210720 15:37:17.520" critical="yes"></status>
</test>
<test id="s1-s1-s1-t2" name="MySecondTest">
<kw name="Log" library="BuiltIn">
<doc>Logs the given message with the given level.</doc>
<arguments>
<arg>I am inside</arg>
</arguments>
<msg timestamp="20210720 15:37:17.521" level="INFO">I am inside</msg>
<status status="PASS" starttime="20210720 15:37:17.521" endtime="20210720 15:37:17.521"></status>
</kw>
<status status="PASS" starttime="20210720 15:37:17.521" endtime="20210720 15:37:17.521" critical="yes"></status>
</test>
<test id="s1-s1-s1-t3" name="MyThirdTest">
<kw name="Log" library="BuiltIn">
<doc>Logs the given message with the given level.</doc>
<arguments>
<arg>I am inside 3rd time</arg>
</arguments>
<msg timestamp="20210720 15:37:17.523" level="INFO">I am inside 3rd time</msg>
<status status="PASS" starttime="20210720 15:37:17.522" endtime="20210720 15:37:17.523"></status>
</kw>
<status status="PASS" starttime="20210720 15:37:17.522" endtime="20210720 15:37:17.523" critical="yes"></status>
</test>
<test id="s1-s1-s1-t4" name="MyfourthTest">
<kw name="Log" library="BuiltIn">
<doc>Logs the given message with the given level.</doc>
<arguments>
<arg>I am inside 4th time</arg>
</arguments>
<msg timestamp="20210720 15:37:17.524" level="INFO">I am inside 4th time</msg>
<status status="PASS" starttime="20210720 15:37:17.524" endtime="20210720 15:37:17.525"></status>
</kw>
<status status="PASS" starttime="20210720 15:37:17.524" endtime="20210720 15:37:17.525" critical="yes"></status>
</test>
<test id="s1-s1-s1-t5" name="MyfifthTest">
<kw name="Log" library="BuiltIn">
<doc>Logs the given message with the given level.</doc>
<arguments>
<arg>I am inside 3th time</arg>
</arguments>
<msg timestamp="20210720 15:37:17.526" level="INFO">I am inside 3th time</msg>
<status status="PASS" starttime="20210720 15:37:17.526" endtime="20210720 15:37:17.526"></status>
</kw>
<status status="PASS" starttime="20210720 15:37:17.525" endtime="20210720 15:37:17.526" critical="yes"></status>
</test>
<test id="s1-s1-s1-t6" name="FirstSeleniumT">
<kw name="Open Browser" library="SeleniumLibrary">
<doc>Opens a new browser instance to the optional ``url``.</doc>
<arguments>
<arg>${URL}</arg>
<arg>chrome</arg>
</arguments>
<msg timestamp="20210720 15:37:17.527" level="INFO">Opening browser 'chrome' to base url 'https://qa.bi-octopus.com/login'.</msg>
<status status="PASS" starttime="20210720 15:37:17.527" endtime="20210720 15:37:24.682"></status>
</kw>
<kw name="Maximize Browser Window" library="SeleniumLibrary">
<doc>Maximizes current browser window.</doc>
<status status="PASS" starttime="20210720 15:37:24.683" endtime="20210720 15:37:24.815"></status>
</kw>
<kw name="LoginKw1">
<kw name="Input Text" library="SeleniumLibrary">
<doc>Types the given ``text`` into the text field identified by ``locator``.</doc>
<arguments>
<arg>id=login_email</arg>
<arg>@{CREDENTIALS}[0]</arg>
</arguments>
<msg timestamp="20210720 15:37:24.817" level="WARN">Accessing variable items using '@{CREDENTIALS}[0]' syntax is deprecated. Use '${CREDENTIALS}[0]' instead.</msg>
<msg timestamp="20210720 15:37:24.817" level="INFO">Typing text 'amila.rangana@ayra.com.au' into text field 'id=login_email'.</msg>
<status status="PASS" starttime="20210720 15:37:24.817" endtime="20210720 15:37:24.969"></status>
</kw>
<kw name="Sleep" library="BuiltIn">
<doc>Pauses the test executed for the given time.</doc>
<arguments>
<arg>5</arg>
</arguments>
<msg timestamp="20210720 15:37:29.973" level="INFO">Slept 5 seconds</msg>
<status status="PASS" starttime="20210720 15:37:24.969" endtime="20210720 15:37:29.973"></status>
</kw>
<kw name="Click Button" library="SeleniumLibrary">
<doc>Clicks the button identified by ``locator``.</doc>
<arguments>
<arg>xpath=//button[@type='submit']</arg>
</arguments>
<msg timestamp="20210720 15:37:29.974" level="INFO">Clicking button 'xpath=//button[@type='submit']'.</msg>
<status status="PASS" starttime="20210720 15:37:29.974" endtime="20210720 15:37:30.054"></status>
</kw>
<kw name="Input Password" library="SeleniumLibrary">
<doc>Types the given password into the text field identified by ``locator``.</doc>
<arguments>
<arg>id=addPassword_password</arg>
<arg>@{CREDENTIALS}[1]</arg>
</arguments>
<msg timestamp="20210720 15:37:30.055" level="WARN">Accessing variable items using '@{CREDENTIALS}[1]' syntax is deprecated. Use '${CREDENTIALS}[1]' instead.</msg>
<msg timestamp="20210720 15:37:30.056" level="INFO">Typing password into text field 'id=addPassword_password'.</msg>
<msg timestamp="20210720 15:37:30.091" level="INFO">Temporally setting log level to: NONE</msg>
<msg timestamp="20210720 15:37:30.140" level="INFO">Log level changed from NONE to INFO.</msg>
<status status="PASS" starttime="20210720 15:37:30.054" endtime="20210720 15:37:30.140"></status>
</kw>
<kw name="Click Button" library="SeleniumLibrary">
<doc>Clicks the button identified by ``locator``.</doc>
<arguments>
<arg>xpath=//button[@type='submit']</arg>
</arguments>
<msg timestamp="20210720 15:37:30.141" level="INFO">Clicking button 'xpath=//button[@type='submit']'.</msg>
<status status="PASS" starttime="20210720 15:37:30.141" endtime="20210720 15:37:30.197"></status>
</kw>
<kw name="Sleep" library="BuiltIn">
<doc>Pauses the test executed for the given time.</doc>
<arguments>
<arg>5</arg>
</arguments>
<msg timestamp="20210720 15:37:35.198" level="INFO">Slept 5 seconds</msg>
<status status="PASS" starttime="20210720 15:37:30.197" endtime="20210720 15:37:35.200"></status>
</kw>
<status status="PASS" starttime="20210720 15:37:24.815" endtime="20210720 15:37:35.203"></status>
</kw>
<kw name="Log" library="BuiltIn">
<doc>Logs the given message with the given level.</doc>
<arguments>
<arg>Test Completed</arg>
</arguments>
<msg timestamp="20210720 15:37:35.208" level="INFO">Test Completed</msg>
<status status="PASS" starttime="20210720 15:37:35.205" endtime="20210720 15:37:35.209"></status>
</kw>
<kw name="Log" library="BuiltIn">
<doc>Logs the given message with the given level.</doc>
<arguments>
<arg>This was tested by %{username} on %{os}</arg>
</arguments>
<msg timestamp="20210720 15:37:35.212" level="INFO">This was tested by Amila on Windows_NT</msg>
<status status="PASS" starttime="20210720 15:37:35.210" endtime="20210720 15:37:35.212"></status>
</kw>
<status status="PASS" starttime="20210720 15:37:17.526" endtime="20210720 15:37:35.213" critical="yes"></status>
</test>
<status status="PASS" starttime="20210720 15:37:17.337" endtime="20210720 15:37:35.215"></status>
</suite>
<status status="PASS" starttime="20210720 15:37:17.334" endtime="20210720 15:37:35.219"></status>
</suite>
<status status="PASS" starttime="20210720 15:37:17.313" endtime="20210720 15:37:35.223"></status>
</suite>
<statistics>
<total>
<stat pass="6" fail="0">Critical Tests</stat>
<stat pass="6" fail="0">All Tests</stat>
</total>
<tag>
</tag>
<suite>
<stat pass="6" fail="0" id="s1" name="TestRobot">TestRobot</stat>
<stat pass="6" fail="0" id="s1-s1" name="Test">TestRobot.Test</stat>
<stat pass="6" fail="0" id="s1-s1-s1" name="TA1">TestRobot.Test.TA1</stat>
</suite>
</statistics>
<errors>
<msg timestamp="20210720 15:37:24.817" level="WARN">Accessing variable items using '@{CREDENTIALS}[0]' syntax is deprecated. Use '${CREDENTIALS}[0]' instead.</msg>
<msg timestamp="20210720 15:37:30.055" level="WARN">Accessing variable items using '@{CREDENTIALS}[1]' syntax is deprecated. Use '${CREDENTIALS}[1]' instead.</msg>
</errors>
</robot>
